0 info it worked if it ends with ok
1 verbose cli [ 'C:\\Program Files\\nodejs\\node.exe',
1 verbose cli   'C:\\Program Files\\nodejs\\node_modules\\npm\\bin\\npm-cli.js',
1 verbose cli   'start' ]
2 info using npm@3.10.10
3 info using node@v6.10.3
4 verbose run-script [ 'prestart', 'start', 'poststart' ]
5 info lifecycle taskboard@0.1.0~prestart: taskboard@0.1.0
6 silly lifecycle taskboard@0.1.0~prestart: no script for prestart, continuing
7 info lifecycle taskboard@0.1.0~start: taskboard@0.1.0
8 verbose lifecycle taskboard@0.1.0~start: unsafe-perm in lifecycle true
9 verbose lifecycle taskboard@0.1.0~start: PATH: C:\Program Files\nodejs\node_modules\npm\bin\node-gyp-bin;C:\Users\1681529\projetos\git\uni7\aplicacoes-ricas-web\react-base\node_modules\.bin;C:\Program Files\IBM\ILOG\CPLEX_Studio1262\opl\bin\x64_win64;C:\Program Files\IBM\ILOG\CPLEX_Studio1262\opl\oplide\;C:\Program Files\IBM\ILOG\CPLEX_Studio1262\cplex\bin\x64_win64;C:\Program Files\IBM\ILOG\CPLEX_Studio1262\cpoptimizer\bin\x64_win64;C:\Python27\;C:\Python27\Scripts;C:\ProgramData\Oracle\Java\javapath;C:\Windows\system32;C:\Windows;C:\Windows\System32\Wbem;C:\Windows\System32\WindowsPowerShell\v1.0\;C:\Program Files (x86)\GtkSharp\2.12\bin;C:\Program Files (x86)\Brackets\command;C:\Program Files\Java\jdk1.8.0_65\bin;C:\Program Files\TortoiseSVN\bin;C:\Program Files\Microsoft SQL Server\110\Tools\Binn\;C:\Program Files\Microsoft SQL Server\Client SDK\ODBC\110\Tools\Binn\;C:\Program Files (x86)\Microsoft SQL Server\110\Tools\Binn\;C:\Program Files\Microsoft SQL Server\110\DTS\Binn\;C:\Program Files (x86)\Microsoft SQL Server\110\Tools\Binn\ManagementStudio\;C:\Program Files (x86)\Microsoft SQL Server\110\DTS\Binn\;C:\Program Files (x86)\MySQL\MySQL Server 5.0\bin;C:\LINGO64_15\;C:\Program Files\Common Files\Autodesk Shared\;C:\Program Files (x86)\QuickTime\QTSystem\;C:\LINGO64_16\;C:\Program Files\Java\jdk1.8.0_65\bin;C:\grails\grails-3.2.3\bin;C:\Program Files\nodejs\;C:\Users\1681529\AppData\Local\Programs\Python\Python35-32\Scripts\;C:\Users\1681529\AppData\Local\Programs\Python\Python35-32\;C:\Users\1681529\AppData\Local\Programs\Python\Launcher\;C:\Users\1681529\AppData\Local\Programs\Git\cmd
10 verbose lifecycle taskboard@0.1.0~start: CWD: C:\Users\1681529\projetos\git\uni7\aplicacoes-ricas-web\react-base
11 silly lifecycle taskboard@0.1.0~start: Args: [ '/d /s /c', 'react-scripts start' ]
12 silly lifecycle taskboard@0.1.0~start: Returned: code: 3221225786  signal: null
13 info lifecycle taskboard@0.1.0~start: Failed to exec start script
14 verbose stack Error: taskboard@0.1.0 start: `react-scripts start`
14 verbose stack Exit status 3221225786
14 verbose stack     at EventEmitter.<anonymous> (C:\Program Files\nodejs\node_modules\npm\lib\utils\lifecycle.js:255:16)
14 verbose stack     at emitTwo (events.js:106:13)
14 verbose stack     at EventEmitter.emit (events.js:191:7)
14 verbose stack     at ChildProcess.<anonymous> (C:\Program Files\nodejs\node_modules\npm\lib\utils\spawn.js:40:14)
14 verbose stack     at emitTwo (events.js:106:13)
14 verbose stack     at ChildProcess.emit (events.js:191:7)
14 verbose stack     at maybeClose (internal/child_process.js:886:16)
14 verbose stack     at Process.ChildProcess._handle.onexit (internal/child_process.js:226:5)
15 verbose pkgid taskboard@0.1.0
16 verbose cwd C:\Users\1681529\projetos\git\uni7\aplicacoes-ricas-web\react-base
17 error Windows_NT 10.0.10586
18 error argv "C:\\Program Files\\nodejs\\node.exe" "C:\\Program Files\\nodejs\\node_modules\\npm\\bin\\npm-cli.js" "start"
19 error node v6.10.3
20 error npm  v3.10.10
21 error code ELIFECYCLE
22 error taskboard@0.1.0 start: `react-scripts start`
22 error Exit status 3221225786
23 error Failed at the taskboard@0.1.0 start script 'react-scripts start'.
23 error Make sure you have the latest version of node.js and npm installed.
23 error If you do, this is most likely a problem with the taskboard package,
23 error not with npm itself.
23 error Tell the author that this fails on your system:
23 error     react-scripts start
23 error You can get information on how to open an issue for this project with:
23 error     npm bugs taskboard
23 error Or if that isn't available, you can get their info via:
23 error     npm owner ls taskboard
23 error There is likely additional logging output above.
24 verbose exit [ 1, true ]
